<?xml version="1.0" encoding="UTF-8"?>
<!-- Generated by org.testng.reporters.JUnitReportReporter -->
<testsuite skipped="0" hostname="LAPTOP-9LNFVES2" name="com.crm.autodesk.projectTest.CreateProjectWithTestAndJob" tests="1" failures="0" timestamp="27 Feb 2021 04:59:28 GMT" time="55.049" errors="0">
  <testcase name="createProjectWithTestandJob" time="55.049" classname="com.crm.autodesk.projectTest.CreateProjectWithTestAndJob"/>
</testsuite> <!-- com.crm.autodesk.projectTest.CreateProjectWithTestAndJob -->
