<?xml version="1.0" encoding="UTF-8"?>
<!-- Generated by org.testng.reporters.JUnitReportReporter -->
<testsuite skipped="0" hostname="LAPTOP-9LNFVES2" name="com.crm.autodesk.purchasetest.CreatePurchaseOrderAddService" tests="1" failures="0" timestamp="02 Feb 2021 00:37:48 GMT" time="222.972" errors="0">
  <testcase name="createPurchaseOrderAddService" time="222.972" classname="com.crm.autodesk.purchasetest.CreatePurchaseOrderAddService"/>
</testsuite> <!-- com.crm.autodesk.purchasetest.CreatePurchaseOrderAddService -->
