<?xml version="1.0" encoding="UTF-8"?>
<!-- Generated by org.testng.reporters.JUnitReportReporter -->
<testsuite skipped="0" hostname="LAPTOP-9LNFVES2" name="com.crm.autodesk.purchasetest.CreatePurchaseOrderDownward" tests="1" failures="0" timestamp="02 Feb 2021 00:37:48 GMT" time="133.610" errors="0">
  <testcase name="createPurchaseOrderDownward" time="133.610" classname="com.crm.autodesk.purchasetest.CreatePurchaseOrderDownward"/>
</testsuite> <!-- com.crm.autodesk.purchasetest.CreatePurchaseOrderDownward -->
