<?xml version="1.0" encoding="UTF-8"?>
<!-- Generated by org.testng.reporters.JUnitReportReporter -->
<testsuite skipped="0" hostname="LAPTOP-9LNFVES2" name="com.crm.autodesk.contacttest.CreateContact" tests="1" failures="0" timestamp="26 Feb 2021 16:59:30 GMT" time="103.477" errors="0">
  <testcase name="createContactWitORgTest" time="103.477" classname="com.crm.autodesk.contacttest.CreateContact"/>
</testsuite> <!-- com.crm.autodesk.contacttest.CreateContact -->
