<?xml version="1.0" encoding="UTF-8"?>
<!-- Generated by org.testng.reporters.JUnitReportReporter -->
<testsuite skipped="0" hostname="LAPTOP-9LNFVES2" name="com.crm.autodesk.quotetest.CreateQuote" tests="1" failures="0" timestamp="31 Jan 2021 18:47:18 GMT" time="161.696" errors="0">
  <testcase name="createQuote" time="161.696" classname="com.crm.autodesk.quotetest.CreateQuote"/>
</testsuite> <!-- com.crm.autodesk.quotetest.CreateQuote -->
