<?xml version="1.0" encoding="UTF-8"?>
<!-- Generated by org.testng.reporters.JUnitReportReporter -->
<testsuite skipped="0" hostname="LAPTOP-9LNFVES2" name="com.crm.autodesk.projectTest.CreateProjectWithTest" tests="1" failures="0" timestamp="27 Feb 2021 05:02:28 GMT" time="49.378" errors="0">
  <testcase name="createProjectWithTest" time="49.378" classname="com.crm.autodesk.projectTest.CreateProjectWithTest"/>
</testsuite> <!-- com.crm.autodesk.projectTest.CreateProjectWithTest -->
