<?xml version="1.0" encoding="UTF-8"?>
<!-- Generated by org.testng.reporters.JUnitReportReporter -->
<testsuite skipped="0" hostname="LAPTOP-9LNFVES2" name="com.crm.autodesk.purchasetest.CreatePurchaseOrderwithItem" tests="1" failures="0" timestamp="02 Feb 2021 00:37:48 GMT" time="100.478" errors="0">
  <testcase name="createPurchaseOrderwithItem" time="100.478" classname="com.crm.autodesk.purchasetest.CreatePurchaseOrderwithItem"/>
</testsuite> <!-- com.crm.autodesk.purchasetest.CreatePurchaseOrderwithItem -->
